# JRE version: OpenJDK Runtime Environment Temurin-21.0.10+7 (21.0.10+7) (build 21.0.10+7-LTS)
# Java VM: OpenJDK 64-Bit Server VM Temurin-21.0.10+7 (21.0.10+7-LTS, mixed mode, sharing, tiered, compressed oops, compressed class ptrs, g1 gc, windows-amd64)
GC Precious Log:
 CardTable entry size: 512
 Card Set container configuration: InlinePtr #cards 5 size 8 Array Of Cards #cards 12 size 40 Howl #buckets 4 coarsen threshold 1843 Howl Bitmap #cards 512 size 80 coarsen threshold 460 Card regions per heap region 1 cards per card region 2048
 CPUs: 4 total, 4 available
 Memory: 3863M
 Large Page Support: Disabled
 NUMA Support: Disabled
 Compressed Oops: Enabled (32-bit)
 Heap Region Size: 1M
 Heap Min Capacity: 8M
 Heap Initial Capacity: 62M
 Heap Max Capacity: 2G
 Pre-touch: Disabled
 Parallel Workers: 4
 Concurrent Workers: 1
 Concurrent Refinement Workers: 4
 Periodic GC: Disabled
Heap:
 garbage-first heap   total 230400K, used 157893K [0x0000000080000000, 0x0000000100000000)
  region size 1024K, 30 young (30720K), 6 survivors (6144K)
 Metaspace       used 105339K, committed 107712K, reserved 983040K
  class space    used 14971K, committed 16128K, reserved 851968K
GC Heap History (20 events):
Event: 221.826 GC heap before
{Heap before GC invocations=56 (full 0):
 garbage-first heap   total 174080K, used 126623K [0x0000000080000000, 0x0000000100000000)
  region size 1024K, 27 young (27648K), 3 survivors (3072K)
 Metaspace       used 81047K, committed 83200K, reserved 983040K
  class space    used 11659K, committed 12736K, reserved 851968K
}
Event: 221.837 GC heap after
{Heap after GC invocations=57 (full 0):
 garbage-first heap   total 174080K, used 101558K [0x0000000080000000, 0x0000000100000000)
  region size 1024K, 4 young (4096K), 4 survivors (4096K)
 Metaspace       used 81047K, committed 83200K, reserved 983040K
  class space    used 11659K, committed 12736K, reserved 851968K
}
Event: 227.239 GC heap before
{Heap before GC invocations=57 (full 0):
 garbage-first heap   total 174080K, used 146614K [0x0000000080000000, 0x0000000100000000)
  region size 1024K, 48 young (49152K), 4 survivors (4096K)
 Metaspace       used 84339K, committed 86528K, reserved 983040K
  class space    used 12081K, committed 13184K, reserved 851968K
}
Event: 227.248 GC heap after
{Heap after GC invocations=58 (full 0):
 garbage-first heap   total 174080K, used 103118K [0x0000000080000000, 0x0000000100000000)
  region size 1024K, 3 young (3072K), 3 survivors (3072K)
 Metaspace       used 84339K, committed 86528K, reserved 983040K
  class space    used 12081K, committed 13184K, reserved 851968K
}
Event: 229.636 GC heap before
{Heap before GC invocations=58 (full 0):
 garbage-first heap   total 174080K, used 151246K [0x0000000080000000, 0x0000000100000000)
  region size 1024K, 50 young (51200K), 3 survivors (3072K)
 Metaspace       used 88194K, committed 90432K, reserved 983040K
  class space    used 12594K, committed 13696K, reserved 851968K
}
Event: 229.643 GC heap after
{Heap after GC invocations=59 (full 0):
 garbage-first heap   total 174080K, used 104533K [0x0000000080000000, 0x0000000100000000)
  region size 1024K, 4 young (4096K), 4 survivors (4096K)
 Metaspace       used 88194K, committed 90432K, reserved 983040K
  class space    used 12594K, committed 13696K, reserved 851968K
}
Event: 232.391 GC heap before
{Heap before GC invocations=59 (full 0):
 garbage-first heap   total 174080K, used 155733K [0x0000000080000000, 0x0000000100000000)
  region size 1024K, 54 young (55296K), 4 survivors (4096K)
 Metaspace       used 89826K, committed 92096K, reserved 983040K
  class space    used 12833K, committed 13952K, reserved 851968K
}
Event: 232.411 GC heap after
{Heap after GC invocations=60 (full 0):
 garbage-first heap   total 174080K, used 111071K [0x0000000080000000, 0x0000000100000000)
  region size 1024K, 7 young (7168K), 7 survivors (7168K)
 Metaspace       used 89826K, committed 92096K, reserved 983040K
  class space    used 12833K, committed 13952K, reserved 851968K
}
Event: 237.411 GC heap before
{Heap before GC invocations=60 (full 0):
 garbage-first heap   total 174080K, used 156127K [0x0000000080000000, 0x0000000100000000)
  region size 1024K, 51 young (52224K), 7 survivors (7168K)
 Metaspace       used 92073K, committed 94336K, reserved 983040K
  class space    used 13151K, committed 14272K, reserved 851968K
}
Event: 237.431 GC heap after
{Heap after GC invocations=61 (full 0):
 garbage-first heap   total 174080K, used 113459K [0x0000000080000000, 0x0000000100000000)
  region size 1024K, 5 young (5120K), 5 survivors (5120K)
 Metaspace       used 92073K, committed 94336K, reserved 983040K
  class space    used 13151K, committed 14272K, reserved 851968K
}
Event: 242.009 GC heap before
{Heap before GC invocations=62 (full 0):
 garbage-first heap   total 191488K, used 157491K [0x0000000080000000, 0x0000000100000000)
  region size 1024K, 47 young (48128K), 5 survivors (5120K)
 Metaspace       used 95256K, committed 97472K, reserved 983040K
  class space    used 13678K, committed 14784K, reserved 851968K
}
Event: 242.019 GC heap after
{Heap after GC invocations=63 (full 0):
 garbage-first heap   total 230400K, used 115145K [0x0000000080000000, 0x0000000100000000)
  region size 1024K, 2 young (2048K), 2 survivors (2048K)
 Metaspace       used 95256K, committed 97472K, reserved 983040K
  class space    used 13678K, committed 14784K, reserved 851968K
}
Event: 251.751 GC heap before
{Heap before GC invocations=63 (full 0):
 garbage-first heap   total 230400K, used 204233K [0x0000000080000000, 0x0000000100000000)
  region size 1024K, 89 young (91136K), 2 survivors (2048K)
 Metaspace       used 101265K, committed 103552K, reserved 983040K
  class space    used 14548K, committed 15680K, reserved 851968K
}
Event: 251.787 GC heap after
{Heap after GC invocations=64 (full 0):
 garbage-first heap   total 230400K, used 118166K [0x0000000080000000, 0x0000000100000000)
  region size 1024K, 5 young (5120K), 5 survivors (5120K)
 Metaspace       used 101265K, committed 103552K, reserved 983040K
  class space    used 14548K, committed 15680K, reserved 851968K
}
Event: 313.939 GC heap before
{Heap before GC invocations=64 (full 0):
 garbage-first heap   total 230400K, used 213398K [0x0000000080000000, 0x0000000100000000)
  region size 1024K, 94 young (96256K), 5 survivors (5120K)
 Metaspace       used 103688K, committed 106048K, reserved 983040K
  class space    used 14748K, committed 15936K, reserved 851968K
}
Event: 314.318 GC heap after
{Heap after GC invocations=65 (full 0):
 garbage-first heap   total 230400K, used 126610K [0x0000000080000000, 0x0000000100000000)
  region size 1024K, 12 young (12288K), 12 survivors (12288K)
 Metaspace       used 103688K, committed 106048K, reserved 983040K
  class space    used 14748K, committed 15936K, reserved 851968K
}
Event: 338.167 GC heap before
{Heap before GC invocations=65 (full 0):
 garbage-first heap   total 230400K, used 206482K [0x0000000080000000, 0x0000000100000000)
  region size 1024K, 91 young (93184K), 12 survivors (12288K)
 Metaspace       used 103799K, committed 106176K, reserved 983040K
  class space    used 14763K, committed 15936K, reserved 851968K
}
Event: 338.361 GC heap after
{Heap after GC invocations=66 (full 0):
 garbage-first heap   total 230400K, used 129956K [0x0000000080000000, 0x0000000100000000)
  region size 1024K, 5 young (5120K), 5 survivors (5120K)
 Metaspace       used 103799K, committed 106176K, reserved 983040K
  class space    used 14763K, committed 15936K, reserved 851968K
}
Event: 346.037 GC heap before
{Heap before GC invocations=66 (full 0):
 garbage-first heap   total 230400K, used 135076K [0x0000000080000000, 0x0000000100000000)
  region size 1024K, 11 young (11264K), 5 survivors (5120K)
 Metaspace       used 104733K, committed 107072K, reserved 983040K
  class space    used 14861K, committed 16000K, reserved 851968K
}
Event: 346.102 GC heap after
{Heap after GC invocations=67 (full 0):
 garbage-first heap   total 230400K, used 130245K [0x0000000080000000, 0x0000000100000000)
  region size 1024K, 6 young (6144K), 6 survivors (6144K)
 Metaspace       used 104733K, committed 107072K, reserved 983040K
  class space    used 14861K, committed 16000K, reserved 851968K
}

