# JRE version: OpenJDK Runtime Environment (21.0.8) (build 21.0.8+-14196175-b1038.72)
# Java VM: OpenJDK 64-Bit Server VM (21.0.8+-14196175-b1038.72, mixed mode, tiered, compressed oops, compressed class ptrs, g1 gc, windows-amd64)
GC Precious Log:
 CardTable entry size: 512
 Card Set container configuration: InlinePtr #cards 4 size 8 Array Of Cards #cards 32 size 80 Howl #buckets 8 coarsen threshold 7372 Howl Bitmap #cards 1024 size 144 coarsen threshold 921 Card regions per heap region 1 cards per card region 8192
 CPUs: 4 total, 4 available
 Memory: 3863M
 Large Page Support: Disabled
 NUMA Support: Disabled
 Compressed Oops: Enabled (Zero based)
 Heap Region Size: 4M
 Heap Min Capacity: 8M
 Heap Initial Capacity: 64M
 Heap Max Capacity: 8G
 Pre-touch: Disabled
 Parallel Workers: 4
 Concurrent Workers: 1
 Concurrent Refinement Workers: 4
 Periodic GC: Disabled
Heap:
 garbage-first heap   total 1499136K, used 499264K [0x0000000600000000, 0x0000000800000000)
  region size 4096K, 3 young (12288K), 3 survivors (12288K)
 Metaspace       used 201036K, committed 203712K, reserved 1245184K
  class space    used 27263K, committed 28544K, reserved 1048576K
GC Heap History (20 events):
Event: 86.149 GC heap after
{Heap after GC invocations=76 (full 0):
 garbage-first heap   total 405504K, used 265424K [0x0000000600000000, 0x0000000800000000)
  region size 4096K, 5 young (20480K), 5 survivors (20480K)
 Metaspace       used 142734K, committed 145152K, reserved 1179648K
  class space    used 19782K, committed 20992K, reserved 1048576K
}
Event: 87.467 GC heap before
{Heap before GC invocations=76 (full 0):
 garbage-first heap   total 405504K, used 363728K [0x0000000600000000, 0x0000000800000000)
  region size 4096K, 28 young (114688K), 5 survivors (20480K)
 Metaspace       used 149252K, committed 151808K, reserved 1179648K
  class space    used 20499K, committed 21760K, reserved 1048576K
}
Event: 87.486 GC heap after
{Heap after GC invocations=77 (full 0):
 garbage-first heap   total 409600K, used 284605K [0x0000000600000000, 0x0000000800000000)
  region size 4096K, 4 young (16384K), 4 survivors (16384K)
 Metaspace       used 149252K, committed 151808K, reserved 1179648K
  class space    used 20499K, committed 21760K, reserved 1048576K
}
Event: 89.224 GC heap before
{Heap before GC invocations=77 (full 0):
 garbage-first heap   total 409600K, used 362429K [0x0000000600000000, 0x0000000800000000)
  region size 4096K, 24 young (98304K), 4 survivors (16384K)
 Metaspace       used 153919K, committed 156416K, reserved 1245184K
  class space    used 21024K, committed 22272K, reserved 1048576K
}
Event: 89.257 GC heap after
{Heap after GC invocations=78 (full 0):
 garbage-first heap   total 409600K, used 302104K [0x0000000600000000, 0x0000000800000000)
  region size 4096K, 3 young (12288K), 3 survivors (12288K)
 Metaspace       used 153919K, committed 156416K, reserved 1245184K
  class space    used 21024K, committed 22272K, reserved 1048576K
}
Event: 90.050 GC heap before
{Heap before GC invocations=79 (full 0):
 garbage-first heap   total 507904K, used 367640K [0x0000000600000000, 0x0000000800000000)
  region size 4096K, 19 young (77824K), 3 survivors (12288K)
 Metaspace       used 154272K, committed 156800K, reserved 1245184K
  class space    used 21075K, committed 22336K, reserved 1048576K
}
Event: 90.106 GC heap after
{Heap after GC invocations=80 (full 0):
 garbage-first heap   total 507904K, used 317927K [0x0000000600000000, 0x0000000800000000)
  region size 4096K, 3 young (12288K), 3 survivors (12288K)
 Metaspace       used 154272K, committed 156800K, reserved 1245184K
  class space    used 21075K, committed 22336K, reserved 1048576K
}
Event: 91.330 GC heap before
{Heap before GC invocations=80 (full 0):
 garbage-first heap   total 507904K, used 440807K [0x0000000600000000, 0x0000000800000000)
  region size 4096K, 34 young (139264K), 3 survivors (12288K)
 Metaspace       used 155552K, committed 158080K, reserved 1245184K
  class space    used 21207K, committed 22464K, reserved 1048576K
}
Event: 91.417 GC heap after
{Heap after GC invocations=81 (full 0):
 garbage-first heap   total 1499136K, used 344064K [0x0000000600000000, 0x0000000800000000)
  region size 4096K, 5 young (20480K), 5 survivors (20480K)
 Metaspace       used 155552K, committed 158080K, reserved 1245184K
  class space    used 21207K, committed 22464K, reserved 1048576K
}
Event: 106.488 GC heap before
{Heap before GC invocations=81 (full 0):
 garbage-first heap   total 1499136K, used 1077248K [0x0000000600000000, 0x0000000800000000)
  region size 4096K, 185 young (757760K), 5 survivors (20480K)
 Metaspace       used 183062K, committed 185600K, reserved 1245184K
  class space    used 24525K, committed 25792K, reserved 1048576K
}
Event: 108.972 GC heap after
{Heap after GC invocations=82 (full 0):
 garbage-first heap   total 1499136K, used 450560K [0x0000000600000000, 0x0000000800000000)
  region size 4096K, 24 young (98304K), 24 survivors (98304K)
 Metaspace       used 183062K, committed 185600K, reserved 1245184K
  class space    used 24525K, committed 25792K, reserved 1048576K
}
Event: 109.029 GC heap before
{Heap before GC invocations=82 (full 0):
 garbage-first heap   total 1499136K, used 454656K [0x0000000600000000, 0x0000000800000000)
  region size 4096K, 25 young (102400K), 24 survivors (98304K)
 Metaspace       used 183062K, committed 185600K, reserved 1245184K
  class space    used 24525K, committed 25792K, reserved 1048576K
}
Event: 109.931 GC heap after
{Heap after GC invocations=83 (full 0):
 garbage-first heap   total 1499136K, used 462848K [0x0000000600000000, 0x0000000800000000)
  region size 4096K, 2 young (8192K), 2 survivors (8192K)
 Metaspace       used 183062K, committed 185600K, reserved 1245184K
  class space    used 24525K, committed 25792K, reserved 1048576K
}
Event: 114.098 GC heap before
{Heap before GC invocations=83 (full 0):
 garbage-first heap   total 1499136K, used 528384K [0x0000000600000000, 0x0000000800000000)
  region size 4096K, 18 young (73728K), 2 survivors (8192K)
 Metaspace       used 187037K, committed 189568K, reserved 1245184K
  class space    used 25384K, committed 26624K, reserved 1048576K
}
Event: 114.106 GC heap after
{Heap after GC invocations=84 (full 0):
 garbage-first heap   total 1499136K, used 458490K [0x0000000600000000, 0x0000000800000000)
  region size 4096K, 1 young (4096K), 1 survivors (4096K)
 Metaspace       used 187037K, committed 189568K, reserved 1245184K
  class space    used 25384K, committed 26624K, reserved 1048576K
}
Event: 118.047 GC heap before
{Heap before GC invocations=84 (full 0):
 garbage-first heap   total 1499136K, used 577274K [0x0000000600000000, 0x0000000800000000)
  region size 4096K, 26 young (106496K), 1 survivors (4096K)
 Metaspace       used 196850K, committed 199488K, reserved 1245184K
  class space    used 26649K, committed 27904K, reserved 1048576K
}
Event: 118.083 GC heap after
{Heap after GC invocations=85 (full 0):
 garbage-first heap   total 1499136K, used 479232K [0x0000000600000000, 0x0000000800000000)
  region size 4096K, 4 young (16384K), 4 survivors (16384K)
 Metaspace       used 196850K, committed 199488K, reserved 1245184K
  class space    used 26649K, committed 27904K, reserved 1048576K
}
Event: 118.876 GC heap before
{Heap before GC invocations=85 (full 0):
 garbage-first heap   total 1499136K, used 536576K [0x0000000600000000, 0x0000000800000000)
  region size 4096K, 18 young (73728K), 4 survivors (16384K)
 Metaspace       used 197797K, committed 200448K, reserved 1245184K
  class space    used 26760K, committed 28032K, reserved 1048576K
}
Event: 119.110 GC heap after
{Heap after GC invocations=86 (full 0):
 garbage-first heap   total 1499136K, used 488177K [0x0000000600000000, 0x0000000800000000)
  region size 4096K, 3 young (12288K), 3 survivors (12288K)
 Metaspace       used 197797K, committed 200448K, reserved 1245184K
  class space    used 26760K, committed 28032K, reserved 1048576K
}
Event: 120.197 GC heap before
{Heap before GC invocations=86 (full 0):
 garbage-first heap   total 1499136K, used 553713K [0x0000000600000000, 0x0000000800000000)
  region size 4096K, 19 young (77824K), 3 survivors (12288K)
 Metaspace       used 201036K, committed 203712K, reserved 1245184K
  class space    used 27263K, committed 28544K, reserved 1048576K
}

